<?xml version="1.0" encoding="UTF-8"?>
<testsuite name="sicxesimulator.components.RegisterTest" tests="4" skipped="0" failures="0" errors="0" timestamp="2025-02-15T18:23:32" hostname="LENOVO_RENAN" time="0.012">
  <properties/>
  <testcase name="testSetValue24Bit()" classname="sicxesimulator.components.RegisterTest" time="0.006"/>
  <testcase name="testSetValue48Bit()" classname="sicxesimulator.components.RegisterTest" time="0.001"/>
  <testcase name="testDefaultValueFor48BitRegister()" classname="sicxesimulator.components.RegisterTest" time="0.001"/>
  <testcase name="testDefaultValueFor24BitRegister()" classname="sicxesimulator.components.RegisterTest" time="0.001"/>
  <system-out><![CDATA[]]></system-out>
  <system-err><![CDATA[]]></system-err>
</testsuite>
