<?xml version="1.0" encoding="UTF-8"?>
<testsuite name="sicxesimulator.components.MemoryTest" tests="4" skipped="0" failures="0" errors="0" timestamp="2025-02-15T18:23:32" hostname="LENOVO_RENAN" time="0.045">
  <properties/>
  <testcase name="testWriteAndRead()" classname="sicxesimulator.components.MemoryTest" time="0.028"/>
  <testcase name="testOutOfBounds()" classname="sicxesimulator.components.MemoryTest" time="0.005"/>
  <testcase name="testInitialMemoryIsZero()" classname="sicxesimulator.components.MemoryTest" time="0.003"/>
  <testcase name="testSetByte()" classname="sicxesimulator.components.MemoryTest" time="0.003"/>
  <system-out><![CDATA[]]></system-out>
  <system-err><![CDATA[]]></system-err>
</testsuite>
