<?xml version="1.0" encoding="UTF-8"?>
<testsuite name="sicxesimulator.AssemblerTest" tests="1" skipped="0" failures="0" errors="0" timestamp="2025-03-04T03:37:54" hostname="LENOVO_RENAN" time="0.017">
  <properties/>
  <testcase name="testAssembleSimpleProgram()" classname="sicxesimulator.AssemblerTest" time="0.017"/>
  <system-out><![CDATA[]]></system-out>
  <system-err><![CDATA[]]></system-err>
</testsuite>
